[0m14:01:56.272615 [debug] [MainThread]: Sending event: {'category': 'dbt', 'action': 'invocation', 'label': 'start', 'context': [<snowplow_tracker.self_describing_json.SelfDescribingJson object at 0x7fc0ab47d270>, <snowplow_tracker.self_describing_json.SelfDescribingJson object at 0x7fc0aae9ba90>, <snowplow_tracker.self_describing_json.SelfDescribingJson object at 0x7fc0aa7ef1c0>]}


============================== 14:01:56.275088 | 0d76c1b9-157e-4bc4-abbe-98c6780bc7a8 ==============================
[0m14:01:56.275088 [info ] [MainThread]: Running with dbt=1.8.4
[0m14:01:56.275567 [debug] [MainThread]: running dbt with arguments {'printer_width': '80', 'indirect_selection': 'eager', 'write_json': 'True', 'log_cache_events': 'False', 'partial_parse': 'True', 'cache_selected_only': 'False', 'warn_error': 'None', 'version_check': 'True', 'debug': 'False', 'log_path': 'logs', 'profiles_dir': '../', 'fail_fast': 'False', 'use_colors': 'True', 'use_experimental_parser': 'False', 'empty': 'None', 'quiet': 'False', 'no_print': 'None', 'warn_error_options': 'WarnErrorOptions(include=[], exclude=[])', 'static_parser': 'True', 'introspect': 'True', 'invocation_command': 'dbt init', 'target_path': 'None', 'log_format': 'default', 'send_anonymous_usage_stats': 'True'}
[0m14:02:36.969890 [debug] [MainThread]: Starter project path: /home/brauliocampos/Development/DW_DBT/venv/lib/python3.10/site-packages/dbt/include/starter_project
[0m14:02:36.977339 [info ] [MainThread]: 
Your new dbt project "database_g7d3" was created!

For more information on how to configure the profiles.yml file,
please consult the dbt documentation here:

  https://docs.getdbt.com/docs/configure-your-profile

One more thing:

Need help? Don't hesitate to reach out to us via GitHub issues or on Slack:

  https://community.getdbt.com/

Happy modeling!

[0m14:02:36.977794 [info ] [MainThread]: Setting up your profile.
[0m14:03:59.423692 [debug] [MainThread]: Sending event: {'category': 'dbt', 'action': 'invocation', 'label': 'start', 'context': [<snowplow_tracker.self_describing_json.SelfDescribingJson object at 0x7f0006589240>, <snowplow_tracker.self_describing_json.SelfDescribingJson object at 0x7f00058f8f70>, <snowplow_tracker.self_describing_json.SelfDescribingJson object at 0x7f0005fa8a30>]}


============================== 14:03:59.425833 | e521bea6-a0f4-4f29-aa2c-8f98d5455564 ==============================
[0m14:03:59.425833 [info ] [MainThread]: Running with dbt=1.8.4
[0m14:03:59.426266 [debug] [MainThread]: running dbt with arguments {'printer_width': '80', 'indirect_selection': 'eager', 'log_cache_events': 'False', 'write_json': 'True', 'partial_parse': 'True', 'cache_selected_only': 'False', 'warn_error': 'None', 'debug': 'False', 'version_check': 'True', 'log_path': 'logs', 'profiles_dir': '../', 'fail_fast': 'False', 'use_colors': 'True', 'use_experimental_parser': 'False', 'no_print': 'None', 'quiet': 'False', 'empty': 'None', 'log_format': 'default', 'invocation_command': 'dbt init', 'introspect': 'True', 'static_parser': 'True', 'target_path': 'None', 'warn_error_options': 'WarnErrorOptions(include=[], exclude=[])', 'send_anonymous_usage_stats': 'True'}
[0m14:04:05.897242 [debug] [MainThread]: Starter project path: /home/brauliocampos/Development/DW_DBT/venv/lib/python3.10/site-packages/dbt/include/starter_project
[0m14:04:05.906917 [info ] [MainThread]: 
Your new dbt project "dw_db" was created!

For more information on how to configure the profiles.yml file,
please consult the dbt documentation here:

  https://docs.getdbt.com/docs/configure-your-profile

One more thing:

Need help? Don't hesitate to reach out to us via GitHub issues or on Slack:

  https://community.getdbt.com/

Happy modeling!

[0m14:04:05.907346 [info ] [MainThread]: Setting up your profile.
[0m14:05:42.585669 [info ] [MainThread]: Profile dw_db written to ../profiles.yml using target's profile_template.yml and your supplied values. Run 'dbt debug' to validate the connection.
[0m14:05:42.588132 [debug] [MainThread]: Resource report: {"command_name": "init", "command_success": true, "command_wall_clock_time": 103.19813, "process_user_time": 0.80392, "process_mem_max_rss": "89864", "process_in_blocks": "312", "process_out_blocks": "80", "process_kernel_time": 0.0}
[0m14:05:42.588756 [debug] [MainThread]: Command `dbt init` succeeded at 14:05:42.588661 after 103.20 seconds
[0m14:05:42.589120 [debug] [MainThread]: Sending event: {'category': 'dbt', 'action': 'invocation', 'label': 'end', 'context': [<snowplow_tracker.self_describing_json.SelfDescribingJson object at 0x7f0006589240>, <snowplow_tracker.self_describing_json.SelfDescribingJson object at 0x7f0004cdbee0>, <snowplow_tracker.self_describing_json.SelfDescribingJson object at 0x7f00068ddf00>]}
[0m14:05:42.589447 [debug] [MainThread]: Flushing usage events
[0m14:16:24.226368 [debug] [MainThread]: Sending event: {'category': 'dbt', 'action': 'invocation', 'label': 'start', 'context': [<snowplow_tracker.self_describing_json.SelfDescribingJson object at 0x7f173b5192a0>, <snowplow_tracker.self_describing_json.SelfDescribingJson object at 0x7f173af2b790>, <snowplow_tracker.self_describing_json.SelfDescribingJson object at 0x7f173a87c580>]}


============================== 14:16:24.228056 | 6dfeb28e-4750-48dc-bc73-86dad18fb73f ==============================
[0m14:16:24.228056 [info ] [MainThread]: Running with dbt=1.8.4
[0m14:16:24.228453 [debug] [MainThread]: running dbt with arguments {'printer_width': '80', 'indirect_selection': 'eager', 'log_cache_events': 'False', 'write_json': 'True', 'partial_parse': 'True', 'cache_selected_only': 'False', 'profiles_dir': '../', 'debug': 'False', 'warn_error': 'None', 'log_path': 'logs', 'version_check': 'True', 'fail_fast': 'False', 'use_colors': 'True', 'use_experimental_parser': 'False', 'no_print': 'None', 'quiet': 'False', 'empty': 'None', 'log_format': 'default', 'static_parser': 'True', 'warn_error_options': 'WarnErrorOptions(include=[], exclude=[])', 'invocation_command': 'dbt debug', 'target_path': 'None', 'introspect': 'True', 'send_anonymous_usage_stats': 'True'}
[0m14:16:24.232215 [info ] [MainThread]: dbt version: 1.8.4
[0m14:16:24.232511 [info ] [MainThread]: python version: 3.10.12
[0m14:16:24.232759 [info ] [MainThread]: python path: /home/brauliocampos/Development/DW_DBT/venv/bin/python3
[0m14:16:24.232991 [info ] [MainThread]: os info: Linux-5.15.153.1-microsoft-standard-WSL2-x86_64-with-glibc2.35
[0m14:16:24.233224 [info ] [MainThread]: Using profiles dir at ../
[0m14:16:24.233448 [info ] [MainThread]: Using profiles.yml file at ../profiles.yml
[0m14:16:24.233669 [info ] [MainThread]: Using dbt_project.yml file at /home/brauliocampos/Development/DW_DBT/dbt_project.yml
[0m14:16:24.233894 [info ] [MainThread]: Configuration:
[0m14:16:24.234144 [info ] [MainThread]:   profiles.yml file [[31mERROR not found[0m]
[0m14:16:24.234362 [info ] [MainThread]:   dbt_project.yml file [[31mERROR not found[0m]
[0m14:16:24.234582 [info ] [MainThread]: Required dependencies:
[0m14:16:24.234876 [debug] [MainThread]: Executing "git --help"
[0m14:16:24.236157 [debug] [MainThread]: STDOUT: "b"usage: git [--version] [--help] [-C <path>] [-c <name>=<value>]\n           [--exec-path[=<path>]] [--html-path] [--man-path] [--info-path]\n           [-p | --paginate | -P | --no-pager] [--no-replace-objects] [--bare]\n           [--git-dir=<path>] [--work-tree=<path>] [--namespace=<name>]\n           [--super-prefix=<path>] [--config-env=<name>=<envvar>]\n           <command> [<args>]\n\nThese are common Git commands used in various situations:\n\nstart a working area (see also: git help tutorial)\n   clone     Clone a repository into a new directory\n   init      Create an empty Git repository or reinitialize an existing one\n\nwork on the current change (see also: git help everyday)\n   add       Add file contents to the index\n   mv        Move or rename a file, a directory, or a symlink\n   restore   Restore working tree files\n   rm        Remove files from the working tree and from the index\n\nexamine the history and state (see also: git help revisions)\n   bisect    Use binary search to find the commit that introduced a bug\n   diff      Show changes between commits, commit and working tree, etc\n   grep      Print lines matching a pattern\n   log       Show commit logs\n   show      Show various types of objects\n   status    Show the working tree status\n\ngrow, mark and tweak your common history\n   branch    List, create, or delete branches\n   commit    Record changes to the repository\n   merge     Join two or more development histories together\n   rebase    Reapply commits on top of another base tip\n   reset     Reset current HEAD to the specified state\n   switch    Switch branches\n   tag       Create, list, delete or verify a tag object signed with GPG\n\ncollaborate (see also: git help workflows)\n   fetch     Download objects and refs from another repository\n   pull      Fetch from and integrate with another repository or a local branch\n   push      Update remote refs along with associated objects\n\n'git help -a' and 'git help -g' list available subcommands and some\nconcept guides. See 'git help <command>' or 'git help <concept>'\nto read about a specific subcommand or concept.\nSee 'git help git' for an overview of the system.\n""
[0m14:16:24.236515 [debug] [MainThread]: STDERR: "b''"
[0m14:16:24.236740 [info ] [MainThread]:  - git [[32mOK found[0m]

[0m14:16:24.237015 [info ] [MainThread]: Connection test skipped since no profile was found
[0m14:16:24.237363 [info ] [MainThread]: [31m2 checks failed:[0m
[0m14:16:24.237642 [info ] [MainThread]: dbt looked for a profiles.yml file in ../profiles.yml, but did
not find one. For more information on configuring your profile, consult the
documentation:

https://docs.getdbt.com/docs/configure-your-profile


[0m14:16:24.237935 [info ] [MainThread]: Project loading failed for the following reason:
 project path </home/brauliocampos/Development/DW_DBT/dbt_project.yml> not found

[0m14:16:24.238550 [debug] [MainThread]: Resource report: {"command_name": "debug", "command_wall_clock_time": 0.04543628, "process_user_time": 0.710173, "process_kernel_time": 0.090021, "process_mem_max_rss": "85512", "process_out_blocks": "16", "command_success": false, "process_in_blocks": "0"}
[0m14:16:24.239103 [debug] [MainThread]: Command `dbt debug` failed at 14:16:24.239025 after 0.05 seconds
[0m14:16:24.239405 [debug] [MainThread]: Sending event: {'category': 'dbt', 'action': 'invocation', 'label': 'end', 'context': [<snowplow_tracker.self_describing_json.SelfDescribingJson object at 0x7f173b5192a0>, <snowplow_tracker.self_describing_json.SelfDescribingJson object at 0x7f173a87c7f0>, <snowplow_tracker.self_describing_json.SelfDescribingJson object at 0x7f1739c78460>]}
[0m14:16:24.239825 [debug] [MainThread]: Flushing usage events
